<?xml version="1.0" encoding="UTF-8"?>
<testsuites name="TS_Upload file method - Robot Class" time="75.509" tests="1" failures="0" errors="0">
   <testsuite name="TS_Upload file method - Robot Class" tests="1" failures="0" errors="0" time="75.509" skipped="0" timestamp="19-09-2024T09:41:40" hostname="vaibhavjain - localhost" id="Test Suites/TS_Upload file method - Robot Class">
      <properties>
         <property name="deviceName" value=""/>
         <property name="devicePlatform" value=""/>
         <property name="logFolder" value="/Users/vaibhavjain/Katalon Studio/Katalon_fileupload_sample-master/Reports/20240919_094121/TS_Upload file method - Robot Class/20240919_094130"/>
         <property name="logFiles" value="/Users/vaibhavjain/Katalon Studio/Katalon_fileupload_sample-master/Reports/20240919_094121/TS_Upload file method - Robot Class/20240919_094130/execution0.log"/>
         <property name="attachments" value=""/>
         <property name="hostName" value="vaibhavjain - localhost"/>
         <property name="os" value="Mac OS X 64bit"/>
         <property name="katalonVersion" value="9.3.2.212"/>
         <property name="browser" value="Chrome 128.0.0.0"/>
         <property name="hostAddress" value="127.0.0.1"/>
         <property name="sessionId" value="5f809d40b9b69d9d2058df93a05fc586"/>
         <property name="seleniumVersion" value="3.141.59"/>
         <property name="proxyInformation" value="ProxyInformation { proxyOption=NO_PROXY, proxyServerType=HTTP, username=, password=********, proxyServerAddress=, proxyServerPort=0, executionList=&quot;&quot;, isApplyToDesiredCapabilities=true }"/>
         <property name="platform" value="Mac OS X"/>
      </properties>
      <testcase name="Test Cases/TC File Upload - Kool Session/Upload a file using Robot Class" time="75.06" classname="Test Cases/TC File Upload - Kool Session/Upload a file using Robot Class" status="PASSED">
         <system-out><![CDATA[19-09-2024T09:41:41 - [TEST_CASE][PASSED] - Test Cases/TC File Upload - Kool Session/Upload a file using Robot Class: Test Cases/TC File Upload - Kool Session/Upload a file using Robot Class

19-09-2024T09:41:41 - [TEST_STEP][PASSED] - Start listener action : enableSauceLabs: [SAUCELABS] Saucelabs Plugin will not attempt to auto update job status and information !

19-09-2024T09:41:41 - [MESSAGE][INFO] - [SAUCELABS] Current run configuration: Chrome

19-09-2024T09:41:41 - [MESSAGE][INFO] - [SAUCELABS] Saucelabs Plugin will not attempt to auto update job status and information !

19-09-2024T09:41:41 - [TEST_STEP][PASSED] - openBrowser("https://www.igniteui.com/file-upload/multiple-upload"): Browser is opened with url: 'https://www.igniteui.com/file-upload/multiple-upload'

19-09-2024T09:41:42 - [MESSAGE][INFO] - Starting 'Chrome' driver

19-09-2024T09:41:42 - [MESSAGE][INFO] - User set preference: ['args', '[--window-size=1500,1000, --remote-allow-origins=*]']

19-09-2024T09:41:42 - [MESSAGE][INFO] - Action delay is set to 0 milliseconds

19-09-2024T09:42:23 - [MESSAGE][PASSED] - Browser is opened with url: 'https://www.igniteui.com/file-upload/multiple-upload'

19-09-2024T09:42:23 - [TEST_STEP][PASSED] - maximizeWindow(): Current window maximized

19-09-2024T09:42:24 - [MESSAGE][PASSED] - Current window maximized

19-09-2024T09:42:24 - [TEST_STEP][PASSED] - clickOffset(findTestObject("OR File Upload/Page_Multiple Uploads Sample/input_Upload multiple_File"), 0, 0): Object: 'Object Repository/OR File Upload/Page_Multiple Uploads Sample/input_Upload multiple_File' is clicked on using offset x=0 and y=0

19-09-2024T09:42:27 - [MESSAGE][PASSED] - Object: 'Object Repository/OR File Upload/Page_Multiple Uploads Sample/input_Upload multiple_File' is clicked on using offset x=0 and y=0

19-09-2024T09:42:27 - [TEST_STEP][PASSED] - callTestCase(findTestCase("TC File Upload - Kool Session/File Uplaod by Robot Class"), [:], STOP_ON_FAILURE): Call Test Case 'Test Cases/TC File Upload - Kool Session/File Uplaod by Robot Class' successfully

19-09-2024T09:42:27 - [TEST_CASE][PASSED] - Test Cases/TC File Upload - Kool Session/File Uplaod by Robot Class: Test Cases/TC File Upload - Kool Session/File Uplaod by Robot Class

19-09-2024T09:42:28 - [TEST_STEP][PASSED] - dirName = getProjectDir(): null

19-09-2024T09:42:28 - [TEST_STEP][PASSED] - println("Project Directory: " + dirName): null

19-09-2024T09:42:28 - [TEST_STEP][PASSED] - file = new java.io.File((dirName + /MyTestFile/TestData.xlsx)): null

19-09-2024T09:42:28 - [TEST_STEP][PASSED] - stringSelection = new java.awt.datatransfer.StringSelection(file.getAbsolutePath()): null

19-09-2024T09:42:28 - [TEST_STEP][PASSED] - clipboard = getDefaultToolkit().getSystemClipboard(): null

19-09-2024T09:42:29 - [TEST_STEP][PASSED] - clipboard.setContents(stringSelection, null): null

19-09-2024T09:42:29 - [TEST_STEP][PASSED] - robot = new java.awt.Robot(): null

19-09-2024T09:42:30 - [TEST_STEP][PASSED] - robot.keyPress(VK_META): null

19-09-2024T09:42:30 - [TEST_STEP][PASSED] - robot.keyPress(VK_TAB): null

19-09-2024T09:42:30 - [TEST_STEP][PASSED] - robot.keyRelease(VK_META): null

19-09-2024T09:42:30 - [TEST_STEP][PASSED] - robot.keyRelease(VK_TAB): null

19-09-2024T09:42:30 - [TEST_STEP][PASSED] - robot.delay(5000): null

19-09-2024T09:42:35 - [TEST_STEP][PASSED] - robot.keyPress(VK_META): null

19-09-2024T09:42:35 - [TEST_STEP][PASSED] - robot.keyPress(VK_SHIFT): null

19-09-2024T09:42:35 - [TEST_STEP][PASSED] - robot.keyPress(VK_G): null

19-09-2024T09:42:35 - [TEST_STEP][PASSED] - robot.keyRelease(VK_META): null

19-09-2024T09:42:35 - [TEST_STEP][PASSED] - robot.keyRelease(VK_SHIFT): null

19-09-2024T09:42:35 - [TEST_STEP][PASSED] - robot.keyRelease(VK_G): null

19-09-2024T09:42:35 - [TEST_STEP][PASSED] - robot.keyPress(VK_META): null

19-09-2024T09:42:35 - [TEST_STEP][PASSED] - robot.keyPress(VK_V): null

19-09-2024T09:42:35 - [TEST_STEP][PASSED] - robot.keyRelease(VK_META): null

19-09-2024T09:42:35 - [TEST_STEP][PASSED] - robot.keyRelease(VK_V): null

19-09-2024T09:42:35 - [TEST_STEP][PASSED] - robot.keyPress(VK_ENTER): null

19-09-2024T09:42:35 - [TEST_STEP][PASSED] - robot.keyRelease(VK_ENTER): null

19-09-2024T09:42:35 - [TEST_STEP][PASSED] - robot.delay(5000): null

19-09-2024T09:42:40 - [TEST_STEP][PASSED] - robot.keyPress(VK_ENTER): null

19-09-2024T09:42:40 - [TEST_STEP][PASSED] - robot.keyRelease(VK_ENTER): null

19-09-2024T09:42:40 - [MESSAGE][PASSED] - Call Test Case 'Test Cases/TC File Upload - Kool Session/File Uplaod by Robot Class' successfully

19-09-2024T09:42:40 - [TEST_STEP][PASSED] - delay(10): Delayed 10 second(s)

19-09-2024T09:42:50 - [MESSAGE][PASSED] - Delayed 10 second(s)

19-09-2024T09:42:50 - [TEST_STEP][PASSED] - closeBrowser(): Browser is closed

19-09-2024T09:42:51 - [MESSAGE][PASSED] - Browser is closed

19-09-2024T09:42:51 - [TEST_STEP][PASSED] - Start listener action : autoUpdateJobStatus: [SAUCELABS] Current run configuration: Chrome

19-09-2024T09:42:51 - [MESSAGE][INFO] - [SAUCELABS] Current run configuration: Chrome

19-09-2024T09:42:56 - [TEST_STEP][PASSED] - Video: Video recording for test case 'Test Cases/TC File Upload - Kool Session/Upload a file using Robot Class' .

19-09-2024T09:42:56 - [MESSAGE][INFO] - Video recording for test case 'Test Cases/TC File Upload - Kool Session/Upload a file using Robot Class' .]]></system-out>
         <system-err><![CDATA[]]></system-err>
      </testcase>
      <system-out><![CDATA[19-09-2024T09:41:40 - [TEST_SUITE][PASSED] - TS_Upload file method - Robot Class: Test Cases/TC File Upload - Kool Session/Upload a file using Robot Class]]></system-out>
      <system-err><![CDATA[]]></system-err>
   </testsuite>
</testsuites>
