<?xml version="1.0" encoding="UTF-8"?>
<testsuites name="TS_Upload file Method" time="38.406" tests="1" failures="0" errors="0">
   <testsuite name="TS_Upload file Method" tests="1" failures="0" errors="0" time="38.406" skipped="0" timestamp="19-09-2024T18:19:39" hostname="vaibhavjain - localhost" id="Test Suites/TS_Upload file Method">
      <properties>
         <property name="deviceName" value=""/>
         <property name="devicePlatform"/>
         <property name="logFolder" value="/Users/vaibhavjain/Katalon Studio/Katalon_fileupload_sample-master/Reports/20240919_181932/TS_Upload file Method/20240919_181933"/>
         <property name="logFiles" value="/Users/vaibhavjain/Katalon Studio/Katalon_fileupload_sample-master/Reports/20240919_181932/TS_Upload file Method/20240919_181933/execution0.log"/>
         <property name="attachments" value=""/>
         <property name="hostName" value="vaibhavjain - localhost"/>
         <property name="os" value="Mac OS X 64bit"/>
         <property name="katalonVersion" value="9.7.2.223"/>
         <property name="browser" value="Chrome 128.0.0.0"/>
         <property name="hostAddress" value="127.0.0.1"/>
         <property name="sessionId" value="5e29837b53fac8afb0b3aff763bce3b7"/>
         <property name="seleniumVersion" value="3.141.59"/>
         <property name="proxyInformation" value="ProxyInformation { proxyOption=NO_PROXY, proxyServerType=HTTP, username=, password=********, proxyServerAddress=, proxyServerPort=0, executionList=&quot;&quot;, isApplyToDesiredCapabilities=true }"/>
         <property name="platform" value="Mac OS X"/>
      </properties>
      <testcase name="Test Cases/TC File Upload - Kool Session/Upload a file using File Upload Keyword" time="38.324" classname="Test Cases/TC File Upload - Kool Session/Upload a file using File Upload Keyword" status="PASSED">
         <system-out><![CDATA[19-09-2024T18:19:39 - [TEST_CASE][PASSED] - Test Cases/TC File Upload - Kool Session/Upload a file using File Upload Keyword: Test Cases/TC File Upload - Kool Session/Upload a file using File Upload Keyword

19-09-2024T18:19:39 - [TEST_STEP][PASSED] - Start listener action : enableSauceLabs: [SAUCELABS] Saucelabs Plugin will not attempt to auto update job status and information !

19-09-2024T18:19:39 - [MESSAGE][INFO] - [SAUCELABS] Current run configuration: Chrome

19-09-2024T18:19:39 - [MESSAGE][INFO] - [SAUCELABS] Saucelabs Plugin will not attempt to auto update job status and information !

19-09-2024T18:19:39 - [TEST_STEP][PASSED] - openBrowser(""): Browser is opened with url: ''

19-09-2024T18:19:39 - [MESSAGE][INFO] - Starting 'Chrome' driver

19-09-2024T18:19:39 - [MESSAGE][INFO] - User set preference: ['args', '[--window-size=1500,1000, --remote-allow-origins=*]']

19-09-2024T18:19:39 - [MESSAGE][INFO] - Action delay is set to 3,000 milliseconds

19-09-2024T18:19:42 - [MESSAGE][PASSED] - Browser is opened with url: ''

19-09-2024T18:19:42 - [TEST_STEP][PASSED] - navigateToUrl("http://demo.guru99.com/test/upload/"): Navigate to 'http://demo.guru99.com/test/upload/' successfully

19-09-2024T18:19:48 - [MESSAGE][PASSED] - Navigate to 'http://demo.guru99.com/test/upload/' successfully

19-09-2024T18:19:48 - [TEST_STEP][PASSED] - delay(5): Delayed 5 second(s)

19-09-2024T18:19:53 - [MESSAGE][PASSED] - Delayed 5 second(s)

19-09-2024T18:19:53 - [TEST_STEP][PASSED] - dirName = getProjectDir(): null

19-09-2024T18:19:53 - [TEST_STEP][PASSED] - println("Project Directory: " + dirName): null

19-09-2024T18:19:53 - [TEST_STEP][PASSED] - uploadFile(findTestObject("OR File Upload/Page_File Upload Demo/input_Page-6_uploadfile_0"), dirName + "/MyTestFile/TestData.xlsx"): File '/Users/vaibhavjain/Katalon Studio/Katalon_fileupload_sample-master/MyTestFile/TestData.xlsx' sent to object: 'Object Repository/OR File Upload/Page_File Upload Demo/input_Page-6_uploadfile_0'

19-09-2024T18:19:56 - [MESSAGE][PASSED] - File '/Users/vaibhavjain/Katalon Studio/Katalon_fileupload_sample-master/MyTestFile/TestData.xlsx' sent to object: 'Object Repository/OR File Upload/Page_File Upload Demo/input_Page-6_uploadfile_0'

19-09-2024T18:19:56 - [TEST_STEP][PASSED] - delay(5): Delayed 5 second(s)

19-09-2024T18:20:01 - [MESSAGE][PASSED] - Delayed 5 second(s)

19-09-2024T18:20:01 - [TEST_STEP][PASSED] - click(findTestObject("OR File Upload/Page_File Upload Demo/input_I accept_terms (1)")): Object: 'Object Repository/OR File Upload/Page_File Upload Demo/input_I accept_terms (1)' is clicked on

19-09-2024T18:20:04 - [MESSAGE][PASSED] - Object: 'Object Repository/OR File Upload/Page_File Upload Demo/input_I accept_terms (1)' is clicked on

19-09-2024T18:20:04 - [TEST_STEP][PASSED] - click(findTestObject("OR File Upload/Page_File Upload Demo/button_Submit File (1)")): Object: 'Object Repository/OR File Upload/Page_File Upload Demo/button_Submit File (1)' is clicked on

19-09-2024T18:20:07 - [MESSAGE][PASSED] - Object: 'Object Repository/OR File Upload/Page_File Upload Demo/button_Submit File (1)' is clicked on

19-09-2024T18:20:07 - [TEST_STEP][PASSED] - verifyElementPresent(findTestObject("OR File Upload/Page_File Upload Demo/center_1 file has been successfully uploaded"), 2): Object 'Object Repository/OR File Upload/Page_File Upload Demo/center_1 file has been successfully uploaded' is present

19-09-2024T18:20:07 - [MESSAGE][PASSED] - Object 'Object Repository/OR File Upload/Page_File Upload Demo/center_1 file has been successfully uploaded' is present

19-09-2024T18:20:07 - [TEST_STEP][PASSED] - delay(5): Delayed 5 second(s)

19-09-2024T18:20:13 - [MESSAGE][PASSED] - Delayed 5 second(s)

19-09-2024T18:20:13 - [TEST_STEP][NOT_RUN] - closeBrowser(): NOT_RUN: closeBrowser()

19-09-2024T18:20:13 - [MESSAGE][NOT_RUN] - NOT_RUN: closeBrowser()

19-09-2024T18:20:13 - [TEST_STEP][PASSED] - Start listener action : autoUpdateJobStatus: [SAUCELABS] Current run configuration: Chrome

19-09-2024T18:20:13 - [MESSAGE][INFO] - [SAUCELABS] Current run configuration: Chrome

19-09-2024T18:20:17 - [TEST_STEP][PASSED] - Video: Video recording for test case 'Test Cases/TC File Upload - Kool Session/Upload a file using File Upload Keyword' .

19-09-2024T18:20:17 - [MESSAGE][INFO] - Video recording for test case 'Test Cases/TC File Upload - Kool Session/Upload a file using File Upload Keyword' .]]></system-out>
         <system-err><![CDATA[]]></system-err>
      </testcase>
      <system-out><![CDATA[19-09-2024T18:19:39 - [TEST_SUITE][PASSED] - TS_Upload file Method: Test Cases/TC File Upload - Kool Session/Upload a file using File Upload Keyword]]></system-out>
      <system-err><![CDATA[]]></system-err>
   </testsuite>
</testsuites>
