<?xml version="1.0" encoding="UTF-8"?>
<testsuites name="TS_Upload file Method - Drag and Drop" time="15.327" tests="1" failures="0" errors="0">
   <testsuite name="TS_Upload file Method - Drag and Drop" tests="1" failures="0" errors="0" time="15.327" skipped="0" timestamp="18-09-2024T19:16:59" hostname="vaibhavjain - localhost" id="Test Suites/TS_Upload file Method - Drag and Drop">
      <properties>
         <property name="deviceName" value=""/>
         <property name="devicePlatform"/>
         <property name="logFolder" value="/Users/vaibhavjain/Downloads/Katalon_fileupload_sample-master/Reports/20240918_191656/TS_Upload file Method - Drag and Drop/20240918_191657"/>
         <property name="logFiles" value="/Users/vaibhavjain/Downloads/Katalon_fileupload_sample-master/Reports/20240918_191656/TS_Upload file Method - Drag and Drop/20240918_191657/execution0.log"/>
         <property name="attachments" value=""/>
         <property name="hostName" value="vaibhavjain - localhost"/>
         <property name="os" value="Mac OS X 64bit"/>
         <property name="katalonVersion" value="9.7.1.223"/>
         <property name="browser" value="Chrome 128.0.0.0"/>
         <property name="hostAddress" value="127.0.0.1"/>
         <property name="sessionId" value="53916bcad22c8a7765dc436cd5061149"/>
         <property name="seleniumVersion" value="3.141.59"/>
         <property name="proxyInformation" value="ProxyInformation { proxyOption=NO_PROXY, proxyServerType=HTTP, username=, password=********, proxyServerAddress=, proxyServerPort=0, executionList=&quot;&quot;, isApplyToDesiredCapabilities=true }"/>
         <property name="platform" value="Mac OS X"/>
      </properties>
      <testcase name="Test Cases/TC File Upload - Kool Session/Upload a file using Upload file with Drag and Drop" time="15.244" classname="Test Cases/TC File Upload - Kool Session/Upload a file using Upload file with Drag and Drop" status="PASSED">
         <system-out><![CDATA[18-09-2024T19:16:59 - [TEST_CASE][PASSED] - Test Cases/TC File Upload - Kool Session/Upload a file using Upload file with Drag and Drop: Test Cases/TC File Upload - Kool Session/Upload a file using Upload file with Drag and Drop

18-09-2024T19:16:59 - [TEST_STEP][PASSED] - openBrowser(""): Browser is opened with url: ''

18-09-2024T19:17:00 - [MESSAGE][INFO] - Starting 'Chrome' driver

18-09-2024T19:17:00 - [MESSAGE][INFO] - Action delay is set to 0 milliseconds

18-09-2024T19:17:02 - [MESSAGE][PASSED] - Browser is opened with url: ''

18-09-2024T19:17:02 - [TEST_STEP][PASSED] - navigateToUrl("https://imgur.com/upload?beta"): Navigate to 'https://imgur.com/upload?beta' successfully

18-09-2024T19:17:04 - [MESSAGE][PASSED] - Navigate to 'https://imgur.com/upload?beta' successfully

18-09-2024T19:17:04 - [TEST_STEP][PASSED] - driver = getWebDriver(): null

18-09-2024T19:17:04 - [TEST_STEP][PASSED] - wrappedDriver = driver.getWrappedDriver(): null

18-09-2024T19:17:04 - [TEST_STEP][PASSED] - if (class == com.kms.katalon.selenium.driver.CRemoteWebDriver): null

18-09-2024T19:17:04 - [TEST_STEP][PASSED] - filePath = getProjectDir() + "/Katalon-Devices.JPG": null

18-09-2024T19:17:04 - [TEST_STEP][PASSED] - filePath1 = getProjectDir() + "/Katalon-Devices 1.JPG": null

18-09-2024T19:17:04 - [TEST_STEP][PASSED] - filePath2 = getProjectDir() + "/Katalon-Devices 2.JPG": null

18-09-2024T19:17:04 - [TEST_STEP][PASSED] - concatenatedFilePath = filePath + "
" + filePath1 + "
" + filePath2: null

18-09-2024T19:17:04 - [TEST_STEP][PASSED] - uploadFileWithDragAndDrop(concatenatedFilePath): Test object with id 'Object Repository/' does not exist

18-09-2024T19:17:04 - [MESSAGE][WARNING] - Test object with id 'Object Repository/' does not exist

18-09-2024T19:17:04 - [TEST_STEP][PASSED] - delay(10): Delayed 10 second(s)

18-09-2024T19:17:14 - [MESSAGE][PASSED] - Delayed 10 second(s)

18-09-2024T19:17:14 - [TEST_STEP][NOT_RUN] - closeBrowser(): NOT_RUN: closeBrowser()

18-09-2024T19:17:14 - [MESSAGE][NOT_RUN] - NOT_RUN: closeBrowser()]]></system-out>
         <system-err><![CDATA[]]></system-err>
      </testcase>
      <system-out><![CDATA[18-09-2024T19:16:59 - [TEST_SUITE][PASSED] - TS_Upload file Method - Drag and Drop: Test Cases/TC File Upload - Kool Session/Upload a file using Upload file with Drag and Drop]]></system-out>
      <system-err><![CDATA[]]></system-err>
   </testsuite>
</testsuites>
