<?xml version="1.0" encoding="UTF-8"?>
<testsuites name="TS_Upload file Method" time="29.851" tests="1" failures="0" errors="0">
   <testsuite name="TS_Upload file Method" tests="1" failures="0" errors="0" time="29.851" skipped="0" timestamp="19-09-2024T18:20:58" hostname="vaibhavjain - localhost" id="Test Suites/TS_Upload file Method">
      <properties>
         <property name="deviceName" value=""/>
         <property name="devicePlatform"/>
         <property name="logFolder" value="/Users/vaibhavjain/Katalon Studio/Katalon_fileupload_sample-master/Reports/20240919_182052/TS_Upload file Method/20240919_182053"/>
         <property name="logFiles" value="/Users/vaibhavjain/Katalon Studio/Katalon_fileupload_sample-master/Reports/20240919_182052/TS_Upload file Method/20240919_182053/execution0.log"/>
         <property name="attachments" value=""/>
         <property name="hostName" value="vaibhavjain - localhost"/>
         <property name="os" value="Mac OS X 64bit"/>
         <property name="katalonVersion" value="9.7.2.223"/>
         <property name="browser" value="Chrome 128.0.0.0"/>
         <property name="hostAddress" value="127.0.0.1"/>
         <property name="sessionId" value="6156cb229cb182e0015f244b94634cf5"/>
         <property name="seleniumVersion" value="3.141.59"/>
         <property name="proxyInformation" value="ProxyInformation { proxyOption=NO_PROXY, proxyServerType=HTTP, username=, password=********, proxyServerAddress=, proxyServerPort=0, executionList=&quot;&quot;, isApplyToDesiredCapabilities=true }"/>
         <property name="platform" value="Mac OS X"/>
      </properties>
      <testcase name="Test Cases/TC File Upload - Kool Session/Upload multiple files using Send Keys" time="29.774" classname="Test Cases/TC File Upload - Kool Session/Upload multiple files using Send Keys" status="PASSED">
         <system-out><![CDATA[19-09-2024T18:20:58 - [TEST_CASE][PASSED] - Test Cases/TC File Upload - Kool Session/Upload multiple files using Send Keys: Test Cases/TC File Upload - Kool Session/Upload multiple files using Send Keys

19-09-2024T18:20:59 - [TEST_STEP][PASSED] - Start listener action : enableSauceLabs: [SAUCELABS] Saucelabs Plugin will not attempt to auto update job status and information !

19-09-2024T18:20:59 - [MESSAGE][INFO] - [SAUCELABS] Current run configuration: Chrome

19-09-2024T18:20:59 - [MESSAGE][INFO] - [SAUCELABS] Saucelabs Plugin will not attempt to auto update job status and information !

19-09-2024T18:20:59 - [TEST_STEP][PASSED] - openBrowser("https://www.igniteui.com/file-upload/multiple-upload"): Browser is opened with url: 'https://www.igniteui.com/file-upload/multiple-upload'

19-09-2024T18:20:59 - [MESSAGE][INFO] - Starting 'Chrome' driver

19-09-2024T18:20:59 - [MESSAGE][INFO] - User set preference: ['args', '[--window-size=1500,1000, --remote-allow-origins=*]']

19-09-2024T18:20:59 - [MESSAGE][INFO] - Action delay is set to 3,000 milliseconds

19-09-2024T18:21:10 - [MESSAGE][PASSED] - Browser is opened with url: 'https://www.igniteui.com/file-upload/multiple-upload'

19-09-2024T18:21:10 - [TEST_STEP][PASSED] - maximizeWindow(): Current window maximized

19-09-2024T18:21:10 - [MESSAGE][PASSED] - Current window maximized

19-09-2024T18:21:10 - [TEST_STEP][PASSED] - driver = getWebDriver(): null

19-09-2024T18:21:10 - [TEST_STEP][PASSED] - wrappedDriver = driver.getWrappedDriver(): null

19-09-2024T18:21:10 - [TEST_STEP][PASSED] - if (class == com.kms.katalon.selenium.driver.CRemoteWebDriver): null

19-09-2024T18:21:10 - [TEST_STEP][PASSED] - delay(5): Delayed 5 second(s)

19-09-2024T18:21:15 - [MESSAGE][PASSED] - Delayed 5 second(s)

19-09-2024T18:21:15 - [TEST_STEP][PASSED] - dirName = getProjectDir(): null

19-09-2024T18:21:15 - [TEST_STEP][PASSED] - println("Project Directory: " + dirName): null

19-09-2024T18:21:15 - [TEST_STEP][PASSED] - sendKeys(findTestObject("OR File Upload/Page_Multiple Uploads Sample/input_Upload multiple_File"), dirName + "/MyTestFile/TestData.xlsx 
" + dirName + "/MyTestFile/DDT.xlsx"): Keys '/Users/vaibhavjain/Katalon Studio/Katalon_fileupload_sample-master/MyTestFile/TestData.xlsx 
/Users/vaibhavjain/Katalon Studio/Katalon_fileupload_sample-master/MyTestFile/DDT.xlsx' sent to object: 'Object Repository/OR File Upload/Page_Multiple Uploads Sample/input_Upload multiple_File'

19-09-2024T18:21:18 - [MESSAGE][PASSED] - Keys '/Users/vaibhavjain/Katalon Studio/Katalon_fileupload_sample-master/MyTestFile/TestData.xlsx 
/Users/vaibhavjain/Katalon Studio/Katalon_fileupload_sample-master/MyTestFile/DDT.xlsx' sent to object: 'Object Repository/OR File Upload/Page_Multiple Uploads Sample/input_Upload multiple_File'

19-09-2024T18:21:18 - [TEST_STEP][PASSED] - delay(5): Delayed 5 second(s)

19-09-2024T18:21:23 - [MESSAGE][PASSED] - Delayed 5 second(s)

19-09-2024T18:21:23 - [TEST_STEP][PASSED] - click(findTestObject("OR File Upload/Page_Multiple Uploads Sample/btn_Upload")): Object: 'Object Repository/OR File Upload/Page_Multiple Uploads Sample/btn_Upload' is clicked on

19-09-2024T18:21:26 - [MESSAGE][PASSED] - Object: 'Object Repository/OR File Upload/Page_Multiple Uploads Sample/btn_Upload' is clicked on

19-09-2024T18:21:26 - [TEST_STEP][NOT_RUN] - closeBrowser(): NOT_RUN: closeBrowser()

19-09-2024T18:21:26 - [MESSAGE][NOT_RUN] - NOT_RUN: closeBrowser()

19-09-2024T18:21:26 - [TEST_STEP][PASSED] - Start listener action : autoUpdateJobStatus: [SAUCELABS] Current run configuration: Chrome

19-09-2024T18:21:26 - [MESSAGE][INFO] - [SAUCELABS] Current run configuration: Chrome

19-09-2024T18:21:28 - [TEST_STEP][PASSED] - Video: Video recording for test case 'Test Cases/TC File Upload - Kool Session/Upload multiple files using Send Keys' .

19-09-2024T18:21:28 - [MESSAGE][INFO] - Video recording for test case 'Test Cases/TC File Upload - Kool Session/Upload multiple files using Send Keys' .]]></system-out>
         <system-err><![CDATA[]]></system-err>
      </testcase>
      <system-out><![CDATA[19-09-2024T18:20:58 - [TEST_SUITE][PASSED] - TS_Upload file Method: Test Cases/TC File Upload - Kool Session/Upload multiple files using Send Keys]]></system-out>
      <system-err><![CDATA[]]></system-err>
   </testsuite>
</testsuites>
